TN:
SF:src\app.ts
FN:23,(anonymous_1)
FNF:1
FNH:1
FNDA:3,(anonymous_1)
DA:1,1
DA:2,1
DA:4,1
DA:5,1
DA:6,1
DA:9,1
DA:16,1
DA:21,1
DA:23,1
DA:24,3
DA:25,3
DA:26,3
DA:32,1
DA:37,1
DA:44,1
LF:15
LH:15
BRF:0
BRH:0
end_of_record
TN:
SF:src\config.ts
FN:12,loadConfig
FNF:1
FNH:1
FNDA:1,loadConfig
DA:1,1
DA:2,1
DA:3,1
DA:14,1
DA:15,1
DA:16,1
DA:19,1
DA:28,1
DA:29,1
DA:30,0
DA:33,1
DA:41,1
DA:42,1
LF:13
LH:12
BRDA:14,0,0,1
BRDA:14,0,1,0
BRDA:29,1,0,0
BRF:3
BRH:1
end_of_record
TN:
SF:src\controllers\product.controller.ts
FN:34,(anonymous_12)
FN:54,(anonymous_14)
FN:74,(anonymous_16)
FN:85,(anonymous_18)
FN:98,(anonymous_20)
FNF:5
FNH:2
FNDA:1,(anonymous_12)
FNDA:0,(anonymous_14)
FNDA:2,(anonymous_16)
FNDA:0,(anonymous_18)
FNDA:0,(anonymous_20)
DA:2,1
DA:17,1
DA:18,1
DA:19,1
DA:30,1
DA:34,1
DA:37,1
DA:38,1
DA:39,1
DA:49,0
DA:54,1
DA:58,0
DA:59,0
DA:60,0
DA:69,0
DA:74,1
DA:75,2
DA:76,2
DA:78,0
DA:80,2
DA:85,1
DA:89,0
DA:90,0
DA:91,0
DA:93,0
DA:98,1
DA:99,0
DA:100,0
DA:102,0
LF:29
LH:16
BRF:0
BRH:0
end_of_record
TN:
SF:src\database\connection.ts
FN:3,connectToDB
FNF:1
FNH:1
FNDA:1,connectToDB
DA:1,1
DA:2,1
DA:3,1
DA:4,1
DA:5,1
DA:7,0
DA:8,0
LF:7
LH:5
BRF:0
BRH:0
end_of_record
TN:
SF:src\database\models\products.ts
FNF:0
FNH:0
DA:1,2
DA:9,2
DA:21,2
DA:25,2
LF:4
LH:4
BRF:0
BRH:0
end_of_record
TN:
SF:src\database\repositories\product.repository.ts
FN:15,(anonymous_8)
FN:25,(anonymous_10)
FN:74,(anonymous_12)
FN:85,(anonymous_14)
FN:98,(anonymous_16)
FNF:5
FNH:5
FNDA:2,(anonymous_8)
FNDA:1,(anonymous_10)
FNDA:4,(anonymous_12)
FNDA:2,(anonymous_14)
FNDA:2,(anonymous_16)
DA:2,2
DA:5,2
DA:18,2
DA:19,2
DA:20,2
DA:22,0
DA:26,1
DA:27,1
DA:28,1
DA:29,1
DA:30,1
DA:31,1
DA:34,1
DA:35,1
DA:36,0
DA:37,0
DA:38,0
DA:39,0
DA:40,0
DA:41,0
DA:42,0
DA:46,0
DA:50,1
DA:51,1
DA:52,1
DA:54,1
DA:59,1
DA:60,1
DA:62,1
DA:71,0
DA:75,4
DA:76,4
DA:77,3
DA:78,2
DA:80,1
DA:82,3
DA:86,2
DA:87,2
DA:90,2
DA:91,1
DA:93,1
DA:95,1
DA:99,2
DA:100,2
DA:101,2
DA:102,1
DA:104,1
DA:106,1
DA:112,2
LF:49
LH:39
BRDA:27,0,0,1
BRDA:27,0,1,0
BRDA:28,1,0,1
BRDA:28,1,1,0
BRDA:29,2,0,1
BRDA:29,2,1,0
BRDA:30,3,0,1
BRDA:30,3,1,1
BRDA:36,4,0,0
BRDA:36,4,1,0
BRDA:39,5,0,0
BRDA:39,5,1,0
BRDA:41,6,0,0
BRDA:52,7,0,1
BRDA:52,7,1,0
BRDA:77,8,0,2
BRDA:90,9,0,1
BRDA:101,10,0,1
BRF:18
BRH:9
end_of_record
TN:
SF:src\middlewares\validate-input.ts
FN:12,(anonymous_1)
FN:13,(anonymous_2)
FN:19,(anonymous_3)
FN:22,(anonymous_4)
FNF:4
FNH:4
FNDA:5,(anonymous_1)
FNDA:4,(anonymous_2)
FNDA:6,(anonymous_3)
FNDA:6,(anonymous_4)
DA:1,2
DA:3,2
DA:5,2
DA:12,2
DA:13,5
DA:14,4
DA:16,4
DA:17,3
DA:19,6
DA:20,3
DA:22,6
DA:28,1
DA:32,2
LF:13
LH:13
BRDA:16,0,0,3
BRF:1
BRH:1
end_of_record
TN:
SF:src\routes\v1\routes.ts
FN:77,RegisterRoutes
FN:90,ProductController_createItem
FN:120,ProductController_getAllData
FN:150,ProductController_getById
FN:180,ProductController_function
FN:211,ProductController_deleteById
FNF:6
FNH:3
FNDA:1,RegisterRoutes
FNDA:1,ProductController_createItem
FNDA:0,ProductController_getAllData
FNDA:2,ProductController_getById
FNDA:0,ProductController_function
FNDA:0,ProductController_deleteById
DA:4,1
DA:6,1
DA:13,1
DA:70,1
DA:77,1
DA:86,1
DA:91,1
DA:97,1
DA:98,1
DA:99,1
DA:101,1
DA:103,1
DA:112,0
DA:116,1
DA:121,0
DA:127,0
DA:128,0
DA:129,0
DA:131,0
DA:133,0
DA:142,0
DA:146,1
DA:151,2
DA:157,2
DA:158,2
DA:159,2
DA:161,2
DA:163,2
DA:172,0
DA:176,1
DA:181,0
DA:188,0
DA:189,0
DA:190,0
DA:192,0
DA:194,0
DA:203,0
DA:207,1
DA:212,0
DA:218,0
DA:219,0
DA:220,0
DA:222,0
DA:224,0
DA:233,0
LF:45
LH:22
BRF:0
BRH:0
end_of_record
TN:
SF:src\schema\product-create-schema.ts
FNF:0
FNH:0
DA:1,1
DA:3,1
DA:9,1
LF:3
LH:3
BRF:0
BRH:0
end_of_record
TN:
SF:src\services\product.service.ts
FN:15,(anonymous_8)
FN:26,(anonymous_10)
FN:41,(anonymous_12)
FN:49,(anonymous_14)
FN:57,(anonymous_16)
FNF:5
FNH:2
FNDA:1,(anonymous_8)
FNDA:0,(anonymous_10)
FNDA:2,(anonymous_12)
FNDA:0,(anonymous_14)
FNDA:0,(anonymous_16)
DA:4,1
DA:14,1
DA:18,1
DA:19,1
DA:20,1
DA:22,0
DA:23,0
DA:27,0
DA:28,0
DA:29,0
DA:35,0
DA:36,0
DA:38,0
DA:42,2
DA:43,2
DA:44,0
DA:46,2
DA:50,0
DA:51,0
DA:52,0
DA:54,0
DA:58,0
DA:59,0
DA:60,0
DA:62,0
DA:67,1
LF:26
LH:9
BRDA:32,0,0,0
BRDA:32,0,1,0
BRDA:33,1,0,0
BRDA:33,1,1,0
BRF:4
BRH:0
end_of_record
TN:
SF:src\utils\errors.ts
FN:6,(anonymous_0)
FN:22,(anonymous_1)
FN:35,(anonymous_2)
FN:41,(anonymous_3)
FN:49,(anonymous_4)
FN:55,(anonymous_5)
FN:67,(anonymous_6)
FNF:7
FNH:3
FNDA:7,(anonymous_0)
FNDA:3,(anonymous_1)
FNDA:4,(anonymous_2)
FNDA:0,(anonymous_3)
FNDA:0,(anonymous_4)
FNDA:0,(anonymous_5)
FNDA:0,(anonymous_6)
DA:1,3
DA:3,3
DA:15,7
DA:16,7
DA:17,7
DA:18,7
DA:21,3
DA:29,3
DA:30,3
DA:34,3
DA:36,4
DA:40,3
DA:44,0
DA:48,3
DA:50,0
DA:54,3
DA:58,0
DA:66,3
DA:74,0
LF:19
LH:15
BRDA:23,0,0,0
BRDA:35,1,0,0
BRDA:42,2,0,0
BRDA:49,3,0,0
BRDA:56,4,0,0
BRDA:68,5,0,0
BRF:6
BRH:0
end_of_record
TN:
SF:src\utils\constants\status-code.ts
FNF:0
FNH:0
DA:1,3
LF:1
LH:1
BRF:0
BRH:0
end_of_record
